{"C:\\Users\\User\\Desktop\\react-ts-layout\\src\\layout\\MainLayout.tsx": {"path":"C:\\Users\\User\\Desktop\\react-ts-layout\\src\\layout\\MainLayout.tsx","all":false,"statementMap":{"1":{"start":{"line":2,"column":0},"end":{"line":2,"column":33}},"2":{"start":{"line":3,"column":0},"end":{"line":3,"column":38}},"3":{"start":{"line":4,"column":0},"end":{"line":4,"column":42}},"4":{"start":{"line":5,"column":0},"end":{"line":5,"column":44}},"6":{"start":{"line":7,"column":0},"end":{"line":7,"column":45}},"8":{"start":{"line":9,"column":0},"end":{"line":9,"column":26}},"9":{"start":{"line":10,"column":0},"end":{"line":10,"column":52}},"11":{"start":{"line":12,"column":0},"end":{"line":12,"column":31}},"12":{"start":{"line":13,"column":0},"end":{"line":13,"column":29}},"13":{"start":{"line":14,"column":0},"end":{"line":14,"column":4}},"15":{"start":{"line":16,"column":0},"end":{"line":16,"column":10}},"16":{"start":{"line":17,"column":0},"end":{"line":17,"column":84}},"18":{"start":{"line":19,"column":0},"end":{"line":19,"column":38}},"19":{"start":{"line":20,"column":0},"end":{"line":20,"column":68}},"20":{"start":{"line":21,"column":0},"end":{"line":21,"column":12}},"23":{"start":{"line":24,"column":0},"end":{"line":24,"column":42}},"25":{"start":{"line":26,"column":0},"end":{"line":26,"column":48}},"26":{"start":{"line":27,"column":0},"end":{"line":27,"column":52}},"27":{"start":{"line":28,"column":0},"end":{"line":28,"column":14}},"30":{"start":{"line":31,"column":0},"end":{"line":31,"column":47}},"31":{"start":{"line":32,"column":0},"end":{"line":32,"column":48}},"32":{"start":{"line":33,"column":0},"end":{"line":33,"column":22}},"33":{"start":{"line":34,"column":0},"end":{"line":34,"column":16}},"34":{"start":{"line":35,"column":0},"end":{"line":35,"column":14}},"35":{"start":{"line":36,"column":0},"end":{"line":36,"column":12}},"36":{"start":{"line":37,"column":0},"end":{"line":37,"column":10}},"38":{"start":{"line":39,"column":0},"end":{"line":39,"column":2}},"40":{"start":{"line":41,"column":0},"end":{"line":41,"column":26}}},"s":{"1":1,"2":1,"3":1,"4":1,"6":1,"8":1,"9":11,"11":11,"12":7,"13":7,"15":11,"16":11,"18":11,"19":11,"20":11,"23":11,"25":11,"26":11,"27":11,"30":11,"31":11,"32":11,"33":11,"34":11,"35":11,"36":11,"38":11,"40":1},"branchMap":{"0":{"type":"branch","line":9,"loc":{"start":{"line":9,"column":19},"end":{"line":39,"column":2}},"locations":[{"start":{"line":9,"column":19},"end":{"line":39,"column":2}}]},"1":{"type":"branch","line":17,"loc":{"start":{"line":17,"column":40},"end":{"line":17,"column":78}},"locations":[{"start":{"line":17,"column":40},"end":{"line":17,"column":78}}]},"2":{"type":"branch","line":17,"loc":{"start":{"line":17,"column":59},"end":{"line":17,"column":80}},"locations":[{"start":{"line":17,"column":59},"end":{"line":17,"column":80}}]},"3":{"type":"branch","line":12,"loc":{"start":{"line":12,"column":24},"end":{"line":14,"column":4}},"locations":[{"start":{"line":12,"column":24},"end":{"line":14,"column":4}}]}},"b":{"0":[11],"1":[4],"2":[7],"3":[7]},"fnMap":{"0":{"name":"MainLayout","decl":{"start":{"line":9,"column":19},"end":{"line":39,"column":2}},"loc":{"start":{"line":9,"column":19},"end":{"line":39,"column":2}},"line":9},"1":{"name":"toggleSidebar","decl":{"start":{"line":12,"column":24},"end":{"line":14,"column":4}},"loc":{"start":{"line":12,"column":24},"end":{"line":14,"column":4}},"line":12}},"f":{"0":11,"1":7}}
,"C:\\Users\\User\\Desktop\\react-ts-layout\\src\\pages\\attendance\\AttendancePage.tsx": {"path":"C:\\Users\\User\\Desktop\\react-ts-layout\\src\\pages\\attendance\\AttendancePage.tsx","all":false,"statementMap":{"0":{"start":{"line":1,"column":0},"end":{"line":1,"column":33}},"1":{"start":{"line":2,"column":0},"end":{"line":2,"column":51}},"2":{"start":{"line":3,"column":0},"end":{"line":3,"column":49}},"4":{"start":{"line":5,"column":0},"end":{"line":5,"column":30}},"5":{"start":{"line":6,"column":0},"end":{"line":6,"column":54}},"6":{"start":{"line":7,"column":0},"end":{"line":7,"column":33}},"8":{"start":{"line":9,"column":0},"end":{"line":9,"column":44}},"9":{"start":{"line":10,"column":0},"end":{"line":10,"column":22}},"10":{"start":{"line":11,"column":0},"end":{"line":11,"column":17}},"11":{"start":{"line":12,"column":0},"end":{"line":12,"column":19}},"12":{"start":{"line":13,"column":0},"end":{"line":13,"column":38}},"13":{"start":{"line":14,"column":0},"end":{"line":14,"column":14}},"14":{"start":{"line":15,"column":0},"end":{"line":15,"column":19}},"15":{"start":{"line":16,"column":0},"end":{"line":16,"column":38}},"16":{"start":{"line":17,"column":0},"end":{"line":17,"column":14}},"17":{"start":{"line":18,"column":0},"end":{"line":18,"column":5}},"18":{"start":{"line":19,"column":0},"end":{"line":19,"column":4}},"20":{"start":{"line":21,"column":0},"end":{"line":21,"column":10}},"21":{"start":{"line":22,"column":0},"end":{"line":22,"column":38}},"22":{"start":{"line":23,"column":0},"end":{"line":23,"column":41}},"23":{"start":{"line":24,"column":0},"end":{"line":24,"column":21}},"24":{"start":{"line":25,"column":0},"end":{"line":25,"column":37}},"25":{"start":{"line":26,"column":0},"end":{"line":26,"column":18}},"26":{"start":{"line":27,"column":0},"end":{"line":27,"column":85}},"27":{"start":{"line":28,"column":0},"end":{"line":28,"column":52}},"29":{"start":{"line":30,"column":0},"end":{"line":30,"column":51}},"31":{"start":{"line":32,"column":0},"end":{"line":32,"column":19}},"32":{"start":{"line":33,"column":0},"end":{"line":33,"column":18}},"33":{"start":{"line":34,"column":0},"end":{"line":34,"column":85}},"34":{"start":{"line":35,"column":0},"end":{"line":35,"column":52}},"36":{"start":{"line":37,"column":0},"end":{"line":37,"column":53}},"38":{"start":{"line":39,"column":0},"end":{"line":39,"column":19}},"39":{"start":{"line":40,"column":0},"end":{"line":40,"column":14}},"40":{"start":{"line":41,"column":0},"end":{"line":41,"column":12}},"42":{"start":{"line":43,"column":0},"end":{"line":43,"column":38}},"43":{"start":{"line":44,"column":0},"end":{"line":44,"column":18}},"44":{"start":{"line":45,"column":0},"end":{"line":45,"column":12}},"45":{"start":{"line":46,"column":0},"end":{"line":46,"column":10}},"47":{"start":{"line":48,"column":0},"end":{"line":48,"column":2}},"49":{"start":{"line":50,"column":0},"end":{"line":50,"column":30}}},"s":{"0":1,"1":1,"2":1,"4":1,"5":12,"6":12,"8":12,"9":7,"10":7,"11":7,"12":4,"13":4,"14":7,"15":3,"16":3,"17":7,"18":7,"20":12,"21":12,"22":12,"23":12,"24":12,"25":12,"26":12,"27":12,"29":12,"31":12,"32":12,"33":12,"34":12,"36":12,"38":12,"39":12,"40":12,"42":12,"43":12,"44":12,"45":12,"47":12,"49":1},"branchMap":{"0":{"type":"branch","line":5,"loc":{"start":{"line":5,"column":23},"end":{"line":48,"column":2}},"locations":[{"start":{"line":5,"column":23},"end":{"line":48,"column":2}}]},"1":{"type":"branch","line":27,"loc":{"start":{"line":27,"column":54},"end":{"line":27,"column":80}},"locations":[{"start":{"line":27,"column":54},"end":{"line":27,"column":80}}]},"2":{"type":"branch","line":27,"loc":{"start":{"line":27,"column":71},"end":{"line":27,"column":82}},"locations":[{"start":{"line":27,"column":71},"end":{"line":27,"column":82}}]},"3":{"type":"branch","line":34,"loc":{"start":{"line":34,"column":54},"end":{"line":34,"column":80}},"locations":[{"start":{"line":34,"column":54},"end":{"line":34,"column":80}}]},"4":{"type":"branch","line":34,"loc":{"start":{"line":34,"column":71},"end":{"line":34,"column":82}},"locations":[{"start":{"line":34,"column":71},"end":{"line":34,"column":82}}]},"5":{"type":"branch","line":9,"loc":{"start":{"line":9,"column":26},"end":{"line":19,"column":4}},"locations":[{"start":{"line":9,"column":26},"end":{"line":19,"column":4}}]},"6":{"type":"branch","line":12,"loc":{"start":{"line":12,"column":6},"end":{"line":14,"column":14}},"locations":[{"start":{"line":12,"column":6},"end":{"line":14,"column":14}}]},"7":{"type":"branch","line":15,"loc":{"start":{"line":15,"column":6},"end":{"line":17,"column":14}},"locations":[{"start":{"line":15,"column":6},"end":{"line":17,"column":14}}]},"8":{"type":"branch","line":28,"loc":{"start":{"line":28,"column":21},"end":{"line":28,"column":52}},"locations":[{"start":{"line":28,"column":21},"end":{"line":28,"column":52}}]},"9":{"type":"branch","line":35,"loc":{"start":{"line":35,"column":21},"end":{"line":35,"column":52}},"locations":[{"start":{"line":35,"column":21},"end":{"line":35,"column":52}}]}},"b":{"0":[12],"1":[9],"2":[3],"3":[3],"4":[9],"5":[7],"6":[4],"7":[3],"8":[4],"9":[3]},"fnMap":{"0":{"name":"AttendancePage","decl":{"start":{"line":5,"column":23},"end":{"line":48,"column":2}},"loc":{"start":{"line":5,"column":23},"end":{"line":48,"column":2}},"line":5},"1":{"name":"handleTabChange","decl":{"start":{"line":9,"column":26},"end":{"line":19,"column":4}},"loc":{"start":{"line":9,"column":26},"end":{"line":19,"column":4}},"line":9},"2":{"name":"onClick","decl":{"start":{"line":28,"column":21},"end":{"line":28,"column":52}},"loc":{"start":{"line":28,"column":21},"end":{"line":28,"column":52}},"line":28},"3":{"name":"onClick","decl":{"start":{"line":35,"column":21},"end":{"line":35,"column":52}},"loc":{"start":{"line":35,"column":21},"end":{"line":35,"column":52}},"line":35}},"f":{"0":12,"1":7,"2":4,"3":3}}
}
